<?xml version="1.0" encoding="UTF-8"?>
<!-- Generated by org.testng.reporters.JUnitXMLReporter -->
<testsuite ignored="0" hostname="DESKTOP-SUKTOAE" failures="0" tests="4" name="Default test" time="9.679" errors="0" timestamp="2023-11-28T15:47:22 GMT">
  <testcase classname="api.tests.UserTests2" name="testPostUser" time="5.051"/>
  <testcase classname="api.tests.UserTests2" name="testGetUserByName" time="0.634"/>
  <testcase classname="api.tests.UserTests2" name="testUpdateUserByName" time="1.126"/>
  <testcase classname="api.tests.UserTests2" name="testDeleteUserByName" time="0.535"/>
</testsuite> <!-- Default test -->
