<?xml version="1.0" encoding="UTF-8"?>
<!-- Generated by org.testng.reporters.JUnitXMLReporter -->
<testsuite ignored="0" hostname="DESKTOP-SUKTOAE" failures="0" tests="9" name="Default test" time="11.261" errors="0" timestamp="2023-11-28T12:45:55 GMT">
  <testcase classname="api.tests.DDTests" name="testPostUser" time="3.806"/>
  <testcase classname="api.tests.DDTests" name="testPostUser" time="0.548"/>
  <testcase classname="api.tests.DDTests" name="testPostUser" time="0.554"/>
  <testcase classname="api.tests.DDTests" name="testGetUserByName" time="0.58"/>
  <testcase classname="api.tests.DDTests" name="testGetUserByName" time="0.548"/>
  <testcase classname="api.tests.DDTests" name="testGetUserByName" time="0.548"/>
  <testcase classname="api.tests.DDTests" name="testDeleteUserByName" time="0.544"/>
  <testcase classname="api.tests.DDTests" name="testDeleteUserByName" time="0.529"/>
  <testcase classname="api.tests.DDTests" name="testDeleteUserByName" time="0.538"/>
</testsuite> <!-- Default test -->
