<?xml version="1.0" encoding="UTF-8"?>
<testng-results ignored="0" total="4" passed="4" failed="0" skipped="0">
  <reporter-output>
  </reporter-output>
  <suite started-at="2023-11-28T16:49:04 GMT" name="PetSuite" finished-at="2023-11-28T16:49:14 GMT" duration-ms="9565">
    <groups>
    </groups>
    <test started-at="2023-11-28T16:49:04 GMT" name="PetTest" finished-at="2023-11-28T16:49:14 GMT" duration-ms="9565">
      <class name="api.tests.UserTests2">
        <test-method is-config="true" signature="setupData()[pri:0, instance:api.tests.UserTests2@3911c2a7]" started-at="2023-11-28T16:49:05 GMT" name="setupData" finished-at="2023-11-28T16:49:07 GMT" duration-ms="1954" status="PASS">
          <reporter-output>
          </reporter-output>
        </test-method> <!-- setupData -->
        <test-method signature="testPostUser()[pri:1, instance:api.tests.UserTests2@3911c2a7]" started-at="2023-11-28T16:49:07 GMT" name="testPostUser" finished-at="2023-11-28T16:49:12 GMT" duration-ms="4726" status="PASS">
          <reporter-output>
          </reporter-output>
        </test-method> <!-- testPostUser -->
        <test-method signature="testGetUserByName()[pri:2, instance:api.tests.UserTests2@3911c2a7]" started-at="2023-11-28T16:49:12 GMT" name="testGetUserByName" finished-at="2023-11-28T16:49:12 GMT" duration-ms="617" status="PASS">
          <reporter-output>
          </reporter-output>
        </test-method> <!-- testGetUserByName -->
        <test-method signature="testUpdateUserByName()[pri:3, instance:api.tests.UserTests2@3911c2a7]" started-at="2023-11-28T16:49:12 GMT" name="testUpdateUserByName" finished-at="2023-11-28T16:49:14 GMT" duration-ms="1111" status="PASS">
          <reporter-output>
          </reporter-output>
        </test-method> <!-- testUpdateUserByName -->
        <test-method signature="testDeleteUserByName()[pri:4, instance:api.tests.UserTests2@3911c2a7]" started-at="2023-11-28T16:49:14 GMT" name="testDeleteUserByName" finished-at="2023-11-28T16:49:14 GMT" duration-ms="534" status="PASS">
          <reporter-output>
          </reporter-output>
        </test-method> <!-- testDeleteUserByName -->
      </class> <!-- api.tests.UserTests2 -->
    </test> <!-- PetTest -->
  </suite> <!-- PetSuite -->
</testng-results>
