<?xml version="1.0" encoding="UTF-8"?>
<testng-results ignored="0" total="4" passed="4" failed="0" skipped="0">
  <reporter-output>
  </reporter-output>
  <suite started-at="2023-11-28T19:23:30 GMT" name="PetSuite" finished-at="2023-11-28T19:23:38 GMT" duration-ms="8232">
    <groups>
    </groups>
    <test started-at="2023-11-28T19:23:30 GMT" name="PetTest" finished-at="2023-11-28T19:23:38 GMT" duration-ms="8232">
      <class name="api.tests.UserTests2">
        <test-method is-config="true" signature="setupData()[pri:0, instance:api.tests.UserTests2@3911c2a7]" started-at="2023-11-28T19:23:30 GMT" name="setupData" finished-at="2023-11-28T19:23:31 GMT" duration-ms="1396" status="PASS">
          <reporter-output>
          </reporter-output>
        </test-method> <!-- setupData -->
        <test-method signature="testPostUser()[pri:1, instance:api.tests.UserTests2@3911c2a7]" started-at="2023-11-28T19:23:31 GMT" name="testPostUser" finished-at="2023-11-28T19:23:36 GMT" duration-ms="4138" status="PASS">
          <reporter-output>
          </reporter-output>
        </test-method> <!-- testPostUser -->
        <test-method signature="testGetUserByName()[pri:2, instance:api.tests.UserTests2@3911c2a7]" started-at="2023-11-28T19:23:36 GMT" name="testGetUserByName" finished-at="2023-11-28T19:23:36 GMT" duration-ms="586" status="PASS">
          <reporter-output>
          </reporter-output>
        </test-method> <!-- testGetUserByName -->
        <test-method signature="testUpdateUserByName()[pri:3, instance:api.tests.UserTests2@3911c2a7]" started-at="2023-11-28T19:23:36 GMT" name="testUpdateUserByName" finished-at="2023-11-28T19:23:37 GMT" duration-ms="1076" status="PASS">
          <reporter-output>
          </reporter-output>
        </test-method> <!-- testUpdateUserByName -->
        <test-method signature="testDeleteUserByName()[pri:4, instance:api.tests.UserTests2@3911c2a7]" started-at="2023-11-28T19:23:37 GMT" name="testDeleteUserByName" finished-at="2023-11-28T19:23:38 GMT" duration-ms="532" status="PASS">
          <reporter-output>
          </reporter-output>
        </test-method> <!-- testDeleteUserByName -->
      </class> <!-- api.tests.UserTests2 -->
    </test> <!-- PetTest -->
  </suite> <!-- PetSuite -->
</testng-results>
