<?xml version="1.0" encoding="UTF-8"?>
<testng-results ignored="0" total="4" passed="4" failed="0" skipped="0">
  <reporter-output>
  </reporter-output>
  <suite started-at="2023-11-28T15:47:46 GMT" name="PetSuite" finished-at="2023-11-28T15:47:56 GMT" duration-ms="10257">
    <groups>
    </groups>
    <test started-at="2023-11-28T15:47:46 GMT" name="PetTest" finished-at="2023-11-28T15:47:56 GMT" duration-ms="10257">
      <class name="api.tests.UserTests2">
        <test-method is-config="true" signature="setupData()[pri:0, instance:api.tests.UserTests2@1cf6d1be]" started-at="2023-11-28T15:47:47 GMT" name="setupData" finished-at="2023-11-28T15:47:49 GMT" duration-ms="1889" status="PASS">
          <reporter-output>
          </reporter-output>
        </test-method> <!-- setupData -->
        <test-method signature="testPostUser()[pri:1, instance:api.tests.UserTests2@1cf6d1be]" started-at="2023-11-28T15:47:49 GMT" name="testPostUser" finished-at="2023-11-28T15:47:54 GMT" duration-ms="5166" status="PASS">
          <reporter-output>
          </reporter-output>
        </test-method> <!-- testPostUser -->
        <test-method signature="testGetUserByName()[pri:2, instance:api.tests.UserTests2@1cf6d1be]" started-at="2023-11-28T15:47:54 GMT" name="testGetUserByName" finished-at="2023-11-28T15:47:54 GMT" duration-ms="600" status="PASS">
          <reporter-output>
          </reporter-output>
        </test-method> <!-- testGetUserByName -->
        <test-method signature="testUpdateUserByName()[pri:3, instance:api.tests.UserTests2@1cf6d1be]" started-at="2023-11-28T15:47:54 GMT" name="testUpdateUserByName" finished-at="2023-11-28T15:47:56 GMT" duration-ms="1102" status="PASS">
          <reporter-output>
          </reporter-output>
        </test-method> <!-- testUpdateUserByName -->
        <test-method signature="testDeleteUserByName()[pri:4, instance:api.tests.UserTests2@1cf6d1be]" started-at="2023-11-28T15:47:56 GMT" name="testDeleteUserByName" finished-at="2023-11-28T15:47:56 GMT" duration-ms="572" status="PASS">
          <reporter-output>
          </reporter-output>
        </test-method> <!-- testDeleteUserByName -->
      </class> <!-- api.tests.UserTests2 -->
    </test> <!-- PetTest -->
  </suite> <!-- PetSuite -->
</testng-results>
