<?xml version="1.0" encoding="UTF-8"?>
<!-- Generated by org.testng.reporters.JUnitXMLReporter -->
<testsuite ignored="0" hostname="DESKTOP-SUKTOAE" failures="0" tests="4" name="PetTest" time="8.232" errors="0" timestamp="2023-11-28T19:23:38 GMT">
  <testcase classname="api.tests.UserTests2" name="testPostUser" time="4.138"/>
  <testcase classname="api.tests.UserTests2" name="testGetUserByName" time="0.586"/>
  <testcase classname="api.tests.UserTests2" name="testUpdateUserByName" time="1.076"/>
  <testcase classname="api.tests.UserTests2" name="testDeleteUserByName" time="0.532"/>
</testsuite> <!-- PetTest -->
