<?xml version="1.0" encoding="UTF-8"?>
<!-- Generated by org.testng.reporters.JUnitXMLReporter -->
<testsuite ignored="0" hostname="DESKTOP-SUKTOAE" failures="0" tests="4" name="PetTest" time="10.257" errors="0" timestamp="2023-11-28T15:47:57 GMT">
  <testcase classname="api.tests.UserTests2" name="testPostUser" time="5.166"/>
  <testcase classname="api.tests.UserTests2" name="testGetUserByName" time="0.6"/>
  <testcase classname="api.tests.UserTests2" name="testUpdateUserByName" time="1.102"/>
  <testcase classname="api.tests.UserTests2" name="testDeleteUserByName" time="0.572"/>
</testsuite> <!-- PetTest -->
